{'extraCredit': 0,
 'fatalError': False,
 'maxExtraCredit': 0,
 'maxTotalPoints': 11,
 'messages': [],
 'mode': 'auto',
 'parts': [{'description': '',
            'extraCredit': False,
            'maxPoints': 0,
            'maxSeconds': 5,
            'messages': ["File 'scheduling.pdf' does not exist"],
            'name': 'writeupValid',
            'points': 0,
            'seconds': 0},
           {'description': 'Basic test for create_chain_csp',
            'extraCredit': False,
            'maxPoints': 1,
            'maxSeconds': 1,
            'messages': [],
            'name': '0c-1-basic',
            'points': 1,
            'seconds': 0},
           {'description': 'Basic test for create_nqueens_csp for n=8',
            'extraCredit': False,
            'maxPoints': 2,
            'maxSeconds': 1,
            'messages': [],
            'name': '1a-1-basic',
            'points': 2,
            'seconds': 0},
           {'description': 'Test create_nqueens_csp with n=3',
            'extraCredit': False,
            'maxPoints': 1,
            'maxSeconds': 1,
            'messages': [],
            'name': '1a-2-hidden',
            'points': 0,
            'seconds': 0},
           {'description': 'Test create_nqueens_csp with different n',
            'extraCredit': False,
            'maxPoints': 1,
            'maxSeconds': 1,
            'messages': [],
            'name': '1a-3-hidden',
            'points': 0,
            'seconds': 0},
           {'description': 'Basic test for MCV with n-queens CSP',
            'extraCredit': False,
            'maxPoints': 1,
            'maxSeconds': 1,
            'messages': [],
            'name': '1b-1-basic',
            'points': 1,
            'seconds': 0},
           {'description': 'Test for MCV with n-queens CSP',
            'extraCredit': False,
            'maxPoints': 1,
            'maxSeconds': 1,
            'messages': [],
            'name': '1b-2-hidden',
            'points': 0,
            'seconds': 0},
           {'description': 'Test MCV with different CSPs',
            'extraCredit': False,
            'maxPoints': 2,
            'maxSeconds': 1,
            'messages': [],
            'name': '1b-3-hidden',
            'points': 0,
            'seconds': 0},
           {'description': 'Basic test for AC-3 with n-queens CSP',
            'extraCredit': False,
            'maxPoints': 1,
            'maxSeconds': 1,
            'messages': [],
            'name': '1c-1-basic',
            'points': 1,
            'seconds': 0},
           {'description': 'Test AC-3 for map coloring CSP',
            'extraCredit': False,
            'maxPoints': 2,
            'maxSeconds': 1,
            'messages': [],
            'name': '1c-2-hidden',
            'points': 0,
            'seconds': 0},
           {'description': 'Test MCV+AC-3 for n-queens CSP with n=8',
            'extraCredit': False,
            'maxPoints': 1,
            'maxSeconds': 1,
            'messages': [],
            'name': '1c-3-hidden',
            'points': 0,
            'seconds': 0},
           {'description': 'Test MCV+AC-3 for n-queens CSP with n=7',
            'extraCredit': False,
            'maxPoints': 2,
            'maxSeconds': 1,
            'messages': [],
            'name': '1c-4-hidden',
            'points': 0,
            'seconds': 0},
           {'description': 'Test MCV+AC-3 for map coloring CSP',
            'extraCredit': False,
            'maxPoints': 2,
            'maxSeconds': 1,
            'messages': [],
            'name': '1c-5-hidden',
            'points': 0,
            'seconds': 0},
           {'description': 'Basic test for get_sum_variable',
            'extraCredit': False,
            'maxPoints': 2,
            'maxSeconds': 1,
            'messages': [],
            'name': '2b-1-basic',
            'points': 2,
            'seconds': 0},
           {'description': 'Test get_sum_variable with empty list of variables',
            'extraCredit': False,
            'maxPoints': 1,
            'maxSeconds': 1,
            'messages': [],
            'name': '2b-2-hidden',
            'points': 0,
            'seconds': 0},
           {'description': 'Test get_sum_variable with different variables',
            'extraCredit': False,
            'maxPoints': 2,
            'maxSeconds': 1,
            'messages': [],
            'name': '2b-3-hidden',
            'points': 0,
            'seconds': 0},
           {'description': 'Basic test for add_quarter_constraints',
            'extraCredit': False,
            'maxPoints': 2,
            'maxSeconds': 4,
            'messages': [],
            'name': '3a-1-basic',
            'points': 2,
            'seconds': 0},
           {'description': 'Test add_quarter_constraints with different profiles',
            'extraCredit': False,
            'maxPoints': 2,
            'maxSeconds': 3,
            'messages': [],
            'name': '3a-2-hidden',
            'points': 0,
            'seconds': 0},
           {'description': 'Test add_quarter_constraints with no quarter specified',
            'extraCredit': False,
            'maxPoints': 1,
            'maxSeconds': 3,
            'messages': [],
            'name': '3a-3-hidden',
            'points': 0,
            'seconds': 0},
           {'description': 'Basic test for add_unit_constraints',
            'extraCredit': False,
            'maxPoints': 2,
            'maxSeconds': 7,
            'messages': [],
            'name': '3b-1-basic',
            'points': 2,
            'seconds': 0},
           {'description': 'Test add_unit_constraints with different profiles',
            'extraCredit': False,
            'maxPoints': 3,
            'maxSeconds': 3,
            'messages': [],
            'name': '3b-2-hidden',
            'points': 0,
            'seconds': 0},
           {'description': 'Test unsatisfiable scheduling',
            'extraCredit': False,
            'maxPoints': 1,
            'maxSeconds': 4,
            'messages': [],
            'name': '3b-3-hidden',
            'points': 0,
            'seconds': 0},
           {'description': 'Test MVC+AC-3+all additional constraints',
            'extraCredit': False,
            'maxPoints': 3,
            'maxSeconds': 25,
            'messages': [],
            'name': '3b-4-hidden',
            'points': 0,
            'seconds': 0}],
 'totalPoints': 11}
