{'parts': [{'description': 'Define light bulb CSP',
            'extraCredit': False,
            'maxPoints': 4,
            'messages': ['?'],
            'name': '0a',
            'points': '?'},
           {'description': 'Solving the CSP',
            'extraCredit': False,
            'maxPoints': 4,
            'messages': ['?'],
            'name': '0b',
            'points': '?'},
           {'description': 'Writeup of 2a',
            'extraCredit': False,
            'maxPoints': 4,
            'messages': ['?'],
            'name': '2a',
            'points': '?'},
           {'description': 'Your own schedule',
            'extraCredit': False,
            'maxPoints': 2,
            'messages': ['?'],
            'name': '3c',
            'points': '?'},
           {'description': 'Worst-case treewidth',
            'extraCredit': True,
            'maxPoints': 2,
            'messages': ['?'],
            'name': '4a',
            'points': '?'},
           {'description': 'Efficient algorithm',
            'extraCredit': True,
            'maxPoints': 6,
            'messages': ['?'],
            'name': '4b',
            'points': '?'}]}
