{'parts': [{'description': '',
            'extraCredit': False,
            'maxPoints': 2,
            'messages': ['?'],
            'name': '1a',
            'points': '?'},
           {'description': '',
            'extraCredit': False,
            'maxPoints': 2,
            'messages': ['?'],
            'name': '1b',
            'points': '?'},
           {'description': '',
            'extraCredit': False,
            'maxPoints': 2,
            'messages': ['?'],
            'name': '2a',
            'points': '?'},
           {'description': '',
            'extraCredit': False,
            'maxPoints': 3,
            'messages': ['?'],
            'name': '2b',
            'points': '?'},
           {'description': '',
            'extraCredit': False,
            'maxPoints': 3,
            'messages': ['?'],
            'name': '2c',
            'points': '?'},
           {'description': '',
            'extraCredit': False,
            'maxPoints': 3,
            'messages': ['?'],
            'name': '2d',
            'points': '?'},
           {'description': '',
            'extraCredit': False,
            'maxPoints': 3,
            'messages': ['?'],
            'name': '2e',
            'points': '?'},
           {'description': '',
            'extraCredit': False,
            'maxPoints': 3,
            'messages': ['?'],
            'name': '3d',
            'points': '?'},
           {'description': '',
            'extraCredit': False,
            'maxPoints': 3,
            'messages': ['?'],
            'name': '3f',
            'points': '?'},
           {'description': '',
            'extraCredit': False,
            'maxPoints': 5,
            'messages': ['?'],
            'name': '4a',
            'points': '?'},
           {'description': '',
            'extraCredit': False,
            'maxPoints': 5,
            'messages': ['?'],
            'name': '4c',
            'points': '?'}]}
