{'fatalError': False,
 'maxTotalPoints': 16,
 'messages': [],
 'mode': 'auto',
 'parts': [{'description': '',
            'extraCredit': False,
            'maxPoints': 1,
            'maxSeconds': 5,
            'messages': ["File 'sentiment.pdf' does not exist"],
            'name': 'writeupValid',
            'points': 0,
            'seconds': 0},
           {'description': 'basic test',
            'extraCredit': False,
            'maxPoints': 1,
            'maxSeconds': 1,
            'messages': [],
            'name': '3a-0-basic',
            'points': 1,
            'seconds': 0},
           {'description': 'test multiple instances of the same word in a sentence',
            'extraCredit': False,
            'maxPoints': 1,
            'maxSeconds': 1,
            'messages': [],
            'name': '3a-1-hidden',
            'points': 0,
            'seconds': 0},
           {'description': 'basic sanity check for learning correct weights on two training and testing examples each',
            'extraCredit': False,
            'maxPoints': 1,
            'maxSeconds': 1,
            'messages': [],
            'name': '3b-0-basic',
            'points': 1,
            'seconds': 0},
           {'description': 'test correct overriding of positive weight due to one negative instance with repeated words',
            'extraCredit': False,
            'maxPoints': 1,
            'maxSeconds': 1,
            'messages': [],
            'name': '3b-1-basic',
            'points': 1,
            'seconds': 0},
           {'description': 'test classifier on real polarity dev dataset',
            'extraCredit': False,
            'maxPoints': 2,
            'maxSeconds': 8,
            'messages': [],
            'name': '3b-2-basic',
            'points': 2,
            'seconds': 5},
           {'description': 'test correct generation of random dataset labels',
            'extraCredit': False,
            'maxPoints': 1,
            'maxSeconds': 1,
            'messages': [],
            'name': '3c-0-basic',
            'points': 1,
            'seconds': 0},
           {'description': 'test that the randomly generated example actually coincides with the given weights',
            'extraCredit': False,
            'maxPoints': 1,
            'maxSeconds': 1,
            'messages': [],
            'name': '3c-1-basic',
            'points': 1,
            'seconds': 0},
           {'description': 'test basic character n-gram features',
            'extraCredit': False,
            'maxPoints': 1,
            'maxSeconds': 1,
            'messages': [],
            'name': '3e-0-basic',
            'points': 1,
            'seconds': 0},
           {'description': 'test feature extraction on repeated character n-grams',
            'extraCredit': False,
            'maxPoints': 1,
            'maxSeconds': 1,
            'messages': [],
            'name': '3e-1-hidden',
            'points': 0,
            'seconds': 0},
           {'description': 'test basic k-means on hardcoded datapoints',
            'extraCredit': False,
            'maxPoints': 1,
            'maxSeconds': 1,
            'messages': ["Exception thrown: <type 'exceptions.TypeError'> -- object of type 'int' has no len()",
                         '  File "grader.py", line 141, in test4b0\n    centers, assignments, totalCost = submission.kmeans(examples, 2, maxIters=10)\n',
                         '  File "/Users/Chao/Desktop/Autumn 2016/CS221/sentiment/sentiment/submission.py", line 162, in kmeans\n    cost, z[i] = min([(distance(examples[i], mu[k], i, k), k) for k in range(K)])\n',
                         '  File "/Users/Chao/Desktop/Autumn 2016/CS221/sentiment/sentiment/submission.py", line 134, in distance\n    distance = dataSquare[a] - 2*dotProduct(example, mu) + muSquare[b]\n',
                         '  File "/Users/Chao/Desktop/Autumn 2016/CS221/sentiment/sentiment/util.py", line 10, in dotProduct\n    if len(d1) < len(d2):\n'],
            'name': '4b-0-basic',
            'points': 0,
            'seconds': 0},
           {'description': 'test stability of cluster assignments',
            'extraCredit': False,
            'maxPoints': 1,
            'maxSeconds': 3,
            'messages': ["Exception thrown: <type 'exceptions.TypeError'> -- object of type 'int' has no len()",
                         '  File "grader.py", line 152, in test4b1\n    centers, assignments, totalCost = submission.kmeans(examples, K, maxIters=100)\n',
                         '  File "/Users/Chao/Desktop/Autumn 2016/CS221/sentiment/sentiment/submission.py", line 162, in kmeans\n    cost, z[i] = min([(distance(examples[i], mu[k], i, k), k) for k in range(K)])\n',
                         '  File "/Users/Chao/Desktop/Autumn 2016/CS221/sentiment/sentiment/submission.py", line 134, in distance\n    distance = dataSquare[a] - 2*dotProduct(example, mu) + muSquare[b]\n',
                         '  File "/Users/Chao/Desktop/Autumn 2016/CS221/sentiment/sentiment/util.py", line 10, in dotProduct\n    if len(d1) < len(d2):\n'],
            'name': '4b-1-hidden',
            'points': 0,
            'seconds': 0},
           {'description': 'test stability of cluster locations',
            'extraCredit': False,
            'maxPoints': 1,
            'maxSeconds': 3,
            'messages': ["Exception thrown: <type 'exceptions.TypeError'> -- object of type 'int' has no len()",
                         '  File "grader.py", line 161, in test4b2\n    centers, assignments, totalCost = submission.kmeans(examples, K, maxIters=100)\n',
                         '  File "/Users/Chao/Desktop/Autumn 2016/CS221/sentiment/sentiment/submission.py", line 162, in kmeans\n    cost, z[i] = min([(distance(examples[i], mu[k], i, k), k) for k in range(K)])\n',
                         '  File "/Users/Chao/Desktop/Autumn 2016/CS221/sentiment/sentiment/submission.py", line 134, in distance\n    distance = dataSquare[a] - 2*dotProduct(example, mu) + muSquare[b]\n',
                         '  File "/Users/Chao/Desktop/Autumn 2016/CS221/sentiment/sentiment/util.py", line 10, in dotProduct\n    if len(d1) < len(d2):\n'],
            'name': '4b-2-hidden',
            'points': 0,
            'seconds': 0},
           {'description': 'make sure the code runs fast enough',
            'extraCredit': False,
            'maxPoints': 2,
            'maxSeconds': 4,
            'messages': ["Exception thrown: <type 'exceptions.TypeError'> -- object of type 'int' has no len()",
                         '  File "grader.py", line 170, in test4b3\n    centers, assignments, totalCost = submission.kmeans(examples, K, maxIters=100)\n',
                         '  File "/Users/Chao/Desktop/Autumn 2016/CS221/sentiment/sentiment/submission.py", line 162, in kmeans\n    cost, z[i] = min([(distance(examples[i], mu[k], i, k), k) for k in range(K)])\n',
                         '  File "/Users/Chao/Desktop/Autumn 2016/CS221/sentiment/sentiment/submission.py", line 134, in distance\n    distance = dataSquare[a] - 2*dotProduct(example, mu) + muSquare[b]\n',
                         '  File "/Users/Chao/Desktop/Autumn 2016/CS221/sentiment/sentiment/util.py", line 10, in dotProduct\n    if len(d1) < len(d2):\n'],
            'name': '4b-3-basic',
            'points': 0,
            'seconds': 0}],
 'totalPoints': 8}
